0 info it worked if it ends with ok
1 verbose cli [ 'node', '/usr/local/bin/npm', 'link' ]
2 info using npm@2.5.1
3 info using node@v0.12.0
4 verbose node symlink /usr/local/bin/node
5 verbose linkPkg /Users/umayr/Development/Node/fuck
6 verbose gentlyRm vacuuming /usr/local/lib/node_modules/fuck
7 silly gentlyRm purging /usr/local/lib/node_modules/fuck
8 silly gentlyRm quitting because other entries in /usr/local/lib/node_modules
9 verbose gentlyRm vacuuming /usr/local/lib/node_modules/fuck
10 verbose link build target /usr/local/lib/node_modules/fuck
11 verbose install where, what [ '/Users/umayr/Development/Node/fuck', [] ]
12 verbose install where, deps [ '/Users/umayr/Development/Node/fuck',
12 verbose install   [ 'autocmdr', 'commander', 'jsonfile' ] ]
13 verbose install where, peers [ '/Users/umayr/Development/Node/fuck', [] ]
14 info preinstall fuck@0.0.0
15 verbose already installed skipping autocmdr@~0.0.4 /Users/umayr/Development/Node/fuck
16 verbose already installed skipping commander@~2.0.0 /Users/umayr/Development/Node/fuck
17 verbose already installed skipping jsonfile@^2.0.0 /Users/umayr/Development/Node/fuck
18 silly install resolved []
19 info build /Users/umayr/Development/Node/fuck
20 verbose linkStuff [ false, false, false, '/Users/umayr/Development/Node' ]
21 info linkStuff fuck@0.0.0
22 verbose linkBins fuck@0.0.0
23 verbose linkMans fuck@0.0.0
24 verbose rebuildBundles fuck@0.0.0
25 verbose rebuildBundles [ '.bin', 'autocmdr', 'commander', 'jsonfile' ]
26 info install fuck@0.0.0
27 info postinstall fuck@0.0.0
28 info prepublish fuck@0.0.0
29 info build /usr/local/lib/node_modules/fuck
30 verbose linkStuff [ true,
30 verbose linkStuff   '/usr/local/lib/node_modules',
30 verbose linkStuff   true,
30 verbose linkStuff   '/usr/local/lib/node_modules' ]
31 info linkStuff fuck@0.0.0
32 verbose linkBins fuck@0.0.0
33 verbose link bins [ { fuck: './bin/fuck' }, '/usr/local/bin', true ]
34 verbose linkMans fuck@0.0.0
35 verbose gentlyRm verifying that /Users/umayr/Development/Node/fuck is managed by npm
36 silly isManaged /Users/umayr/Development/Node/fuck is not inside /Users/umayr/Development/Node/fuck/node_modules
37 silly isManaged /Users/umayr/Development/Node/fuck is not inside /Users/umayr/Development/Node/fuck/node_modules
38 silly isManaged /Users/umayr/Development/Node/fuck/node_modules/.bin is inside /Users/umayr/Development/Node/fuck
39 silly gentlyRm /Users/umayr/Development/Node/fuck is managed by npm
40 silly gentlyRm /usr/local/bin/fuck is not under /Users/umayr/Development/Node/fuck
41 silly gentlyRm checking to see if /usr/local/bin/fuck is a link
42 silly gentlyRm /usr/local/bin/fuck is a link
43 silly gentlyRm checking to see if /usr/local/lib/node_modules/fuck/bin/fuck is managed by npm
44 silly isManaged /usr/local/lib/node_modules/fuck/bin/fuck is not inside /Users/umayr/Development/Node/fuck/node_modules
45 silly isManaged /usr/local/lib/node_modules/fuck/bin/fuck is not inside /Users/umayr/Development/Node/fuck/node_modules
46 silly isManaged /usr/local/lib/node_modules/fuck/bin/fuck is not inside /Users/umayr/Development/Node/fuck/node_modules/.bin
47 silly isManaged /usr/local/lib/node_modules/fuck/bin/fuck is not inside /Users/umayr/Development/Node/fuck
48 silly isManaged /usr/local/lib/node_modules is not inside /usr/local/lib/node_modules/fuck/bin/fuck
49 verbose isManaged no path
50 silly isManaged /usr/local/bin is not inside /usr/local/lib/node_modules/fuck/bin/fuck
51 silly isManaged /usr/local is not inside /usr/local/lib/node_modules/fuck/bin/fuck
52 verbose gentlyRm /usr/local/lib/node_modules/fuck/bin/fuck is not managed by npm
53 verbose stack Error: Refusing to delete: /usr/local/bin/fuck not in /Users/umayr/Development/Node/fuck
53 verbose stack     at clobberFail (/usr/local/lib/node_modules/npm/lib/utils/gently-rm.js:168:12)
53 verbose stack     at /usr/local/lib/node_modules/npm/lib/utils/gently-rm.js:107:18
53 verbose stack     at zalgoSafe (/usr/local/lib/node_modules/npm/node_modules/dezalgo/dezalgo.js:20:10)
53 verbose stack     at map (/usr/local/lib/node_modules/npm/node_modules/async-some/some.js:28:33)
53 verbose stack     at reduce (/usr/local/lib/node_modules/npm/node_modules/async-some/some.js:38:5)
53 verbose stack     at /usr/local/lib/node_modules/npm/lib/utils/gently-rm.js:134:14
53 verbose stack     at cb (/usr/local/lib/node_modules/npm/node_modules/slide/lib/async-map.js:47:24)
53 verbose stack     at /usr/local/lib/node_modules/npm/lib/utils/gently-rm.js:152:16
53 verbose stack     at FSReqWrap.oncomplete (evalmachine.<anonymous>:99:15)
54 verbose cwd /Users/umayr/Development/Node/fuck
55 error Darwin 14.0.0
56 error argv "node" "/usr/local/bin/npm" "link"
57 error node v0.12.0
58 error npm  v2.5.1
59 error path /usr/local/bin/fuck
60 error code EEXIST
61 error Refusing to delete: /usr/local/bin/fuck not in /Users/umayr/Development/Node/fuck
File exists: /usr/local/bin/fuck
Move it away, and try again.
62 verbose exit [ 1, true ]
